\BOOKMARK [0][-]{chapter.1}{\376\377\0001\000\040\000R\000e\000p\000o\000r\000t}{}% 1
\BOOKMARK [1][-]{section.1.1}{\376\377\0001\000.\0001\000\040\000A\000b\000s\000t\000r\000a\000c\000t}{chapter.1}% 2
\BOOKMARK [1][-]{section.1.2}{\376\377\0001\000.\0002\000\040\000D\000a\000t\000a\000s\000e\000t}{chapter.1}% 3
\BOOKMARK [1][-]{section.1.3}{\376\377\0001\000.\0003\000\040\000T\000e\000c\000h\000n\000o\000l\000o\000g\000i\000e\000s\000\040\000U\000s\000e\000d\000\040\000-}{chapter.1}% 4
\BOOKMARK [1][-]{section.1.4}{\376\377\0001\000.\0004\000\040\000M\000e\000t\000h\000o\000d\000o\000l\000o\000g\000y}{chapter.1}% 5
\BOOKMARK [2][-]{subsection.1.4.1}{\376\377\0001\000.\0004\000.\0001\000\040\000C\000P\000U\000\040\000-}{section.1.4}% 6
\BOOKMARK [2][-]{subsection.1.4.2}{\376\377\0001\000.\0004\000.\0002\000\040\000G\000P\000U\000\040\000-}{section.1.4}% 7
\BOOKMARK [3][-]{subsubsection.1.4.2.1}{\376\377\0001\000.\0004\000.\0002\000.\0001\000\040\0002\000D\000\040\000K\000e\000r\000n\000e\000l\000\040\000-}{subsection.1.4.2}% 8
\BOOKMARK [3][-]{subsubsection.1.4.2.2}{\376\377\0001\000.\0004\000.\0002\000.\0002\000\040\000S\000e\000p\000a\000r\000a\000b\000l\000e\000\040\000K\000e\000r\000n\000e\000l\000\040\000\050\0001\000D\000\051\000\040\000-}{subsection.1.4.2}% 9
\BOOKMARK [1][-]{section.1.5}{\376\377\0001\000.\0005\000\040\000R\000e\000s\000u\000l\000t\000s\000\040\000-}{chapter.1}% 10
\BOOKMARK [2][-]{subsection.1.5.1}{\376\377\0001\000.\0005\000.\0001\000\040\000P\000l\000o\000t\000s\000\040\000-}{section.1.5}% 11
\BOOKMARK [3][-]{subsubsection.1.5.1.1}{\376\377\0001\000.\0005\000.\0001\000.\0001\000\040\000C\000P\000U\000\040\000-}{subsection.1.5.1}% 12
\BOOKMARK [3][-]{subsubsection.1.5.1.2}{\376\377\0001\000.\0005\000.\0001\000.\0002\000\040\000G\000P\000U\000\040\000-}{subsection.1.5.1}% 13
\BOOKMARK [1][-]{section.1.6}{\376\377\0001\000.\0006\000\040\000I\000n\000f\000e\000r\000e\000n\000c\000e}{chapter.1}% 14
\BOOKMARK [0][-]{chapter.2}{\376\377\0002\000\040\000F\000i\000l\000e\000\040\000I\000n\000d\000e\000x}{}% 15
\BOOKMARK [1][-]{section.2.1}{\376\377\0002\000.\0001\000\040\000F\000i\000l\000e\000\040\000L\000i\000s\000t}{chapter.2}% 16
\BOOKMARK [0][-]{chapter.3}{\376\377\0003\000\040\000F\000i\000l\000e\000\040\000D\000o\000c\000u\000m\000e\000n\000t\000a\000t\000i\000o\000n}{}% 17
\BOOKMARK [1][-]{section.3.1}{\376\377\0003\000.\0001\000\040\000b\000l\000u\000r\000.\000c\000u\000\040\000F\000i\000l\000e\000\040\000R\000e\000f\000e\000r\000e\000n\000c\000e}{chapter.3}% 18
\BOOKMARK [2][-]{subsection.3.1.1}{\376\377\0003\000.\0001\000.\0001\000\040\000D\000e\000t\000a\000i\000l\000e\000d\000\040\000D\000e\000s\000c\000r\000i\000p\000t\000i\000o\000n}{section.3.1}% 19
\BOOKMARK [2][-]{subsection.3.1.2}{\376\377\0003\000.\0001\000.\0002\000\040\000M\000a\000c\000r\000o\000\040\000D\000e\000f\000i\000n\000i\000t\000i\000o\000n\000\040\000D\000o\000c\000u\000m\000e\000n\000t\000a\000t\000i\000o\000n}{section.3.1}% 20
\BOOKMARK [3][-]{subsubsection.3.1.2.1}{\376\377\0003\000.\0001\000.\0002\000.\0001\000\040\000P\000B\000S\000T\000R}{subsection.3.1.2}% 21
\BOOKMARK [3][-]{subsubsection.3.1.2.2}{\376\377\0003\000.\0001\000.\0002\000.\0002\000\040\000P\000B\000W\000I\000D\000T\000H}{subsection.3.1.2}% 22
\BOOKMARK [3][-]{subsubsection.3.1.2.3}{\376\377\0003\000.\0001\000.\0002\000.\0003\000\040\000S\000A\000F\000E\000\137\000C\000A\000L\000L}{subsection.3.1.2}% 23
\BOOKMARK [2][-]{subsection.3.1.3}{\376\377\0003\000.\0001\000.\0003\000\040\000F\000u\000n\000c\000t\000i\000o\000n\000\040\000D\000o\000c\000u\000m\000e\000n\000t\000a\000t\000i\000o\000n}{section.3.1}% 24
\BOOKMARK [3][-]{subsubsection.3.1.3.1}{\376\377\0003\000.\0001\000.\0003\000.\0001\000\040\000a\000d\000d\000\137\000v\000a\000l\000u\000e\000\050\000\051\000\040\000[\0001\000/\0002\000]}{subsection.3.1.3}% 25
\BOOKMARK [3][-]{subsubsection.3.1.3.2}{\376\377\0003\000.\0001\000.\0003\000.\0002\000\040\000a\000d\000d\000\137\000v\000a\000l\000u\000e\000\050\000\051\000\040\000[\0002\000/\0002\000]}{subsection.3.1.3}% 26
\BOOKMARK [3][-]{subsubsection.3.1.3.3}{\376\377\0003\000.\0001\000.\0003\000.\0003\000\040\000c\000a\000l\000l\000\137\000g\000a\000u\000s\000s\000i\000a\000n\000\137\000b\000l\000u\000r\000\137\0001\000d\000\050\000\051}{subsection.3.1.3}% 27
\BOOKMARK [3][-]{subsubsection.3.1.3.4}{\376\377\0003\000.\0001\000.\0003\000.\0004\000\040\000c\000a\000l\000l\000\137\000g\000a\000u\000s\000s\000i\000a\000n\000\137\000b\000l\000u\000r\000\137\0002\000d\000\050\000\051}{subsection.3.1.3}% 28
\BOOKMARK [3][-]{subsubsection.3.1.3.5}{\376\377\0003\000.\0001\000.\0003\000.\0005\000\040\000g\000a\000u\000s\000s\000i\000a\000n\000\137\000b\000l\000u\000r\000\050\000\051\000\040\000[\0001\000/\0002\000]}{subsection.3.1.3}% 29
\BOOKMARK [3][-]{subsubsection.3.1.3.6}{\376\377\0003\000.\0001\000.\0003\000.\0006\000\040\000g\000a\000u\000s\000s\000i\000a\000n\000\137\000b\000l\000u\000r\000\050\000\051\000\040\000[\0002\000/\0002\000]}{subsection.3.1.3}% 30
\BOOKMARK [3][-]{subsubsection.3.1.3.7}{\376\377\0003\000.\0001\000.\0003\000.\0007\000\040\000g\000a\000u\000s\000s\000i\000a\000n\000\137\000b\000l\000u\000r\000\137\000e\000x\000i\000t\000\050\000\051}{subsection.3.1.3}% 31
\BOOKMARK [3][-]{subsubsection.3.1.3.8}{\376\377\0003\000.\0001\000.\0003\000.\0008\000\040\000g\000a\000u\000s\000s\000i\000a\000n\000\137\000b\000l\000u\000r\000\137\000i\000n\000i\000t\000\050\000\051}{subsection.3.1.3}% 32
\BOOKMARK [3][-]{subsubsection.3.1.3.9}{\376\377\0003\000.\0001\000.\0003\000.\0009\000\040\000g\000a\000u\000s\000s\000i\000a\000n\000\137\000b\000l\000u\000r\000\137\000x\000\050\000\051}{subsection.3.1.3}% 33
\BOOKMARK [3][-]{subsubsection.3.1.3.10}{\376\377\0003\000.\0001\000.\0003\000.\0001\0000\000\040\000g\000a\000u\000s\000s\000i\000a\000n\000\137\000b\000l\000u\000r\000\137\000y\000\050\000\051}{subsection.3.1.3}% 34
\BOOKMARK [3][-]{subsubsection.3.1.3.11}{\376\377\0003\000.\0001\000.\0003\000.\0001\0001\000\040\000g\000e\000n\000e\000r\000a\000t\000e\000\137\000g\000a\000u\000s\000s\000i\000a\000n\000\137\000k\000e\000r\000n\000e\000l\000\137\0001\000d\000\050\000\051}{subsection.3.1.3}% 35
\BOOKMARK [3][-]{subsubsection.3.1.3.12}{\376\377\0003\000.\0001\000.\0003\000.\0001\0002\000\040\000g\000e\000n\000e\000r\000a\000t\000e\000\137\000g\000a\000u\000s\000s\000i\000a\000n\000\137\000k\000e\000r\000n\000e\000l\000\137\0002\000d\000\050\000\051}{subsection.3.1.3}% 36
\BOOKMARK [3][-]{subsubsection.3.1.3.13}{\376\377\0003\000.\0001\000.\0003\000.\0001\0003\000\040\000m\000a\000i\000n\000\050\000\051}{subsection.3.1.3}% 37
\BOOKMARK [3][-]{subsubsection.3.1.3.14}{\376\377\0003\000.\0001\000.\0003\000.\0001\0004\000\040\000m\000u\000l\000t\000i\000p\000l\000y\000\137\000v\000a\000l\000u\000e\000\050\000\051\000\040\000[\0001\000/\0003\000]}{subsection.3.1.3}% 38
\BOOKMARK [3][-]{subsubsection.3.1.3.15}{\376\377\0003\000.\0001\000.\0003\000.\0001\0005\000\040\000m\000u\000l\000t\000i\000p\000l\000y\000\137\000v\000a\000l\000u\000e\000\050\000\051\000\040\000[\0002\000/\0003\000]}{subsection.3.1.3}% 39
\BOOKMARK [3][-]{subsubsection.3.1.3.16}{\376\377\0003\000.\0001\000.\0003\000.\0001\0006\000\040\000m\000u\000l\000t\000i\000p\000l\000y\000\137\000v\000a\000l\000u\000e\000\050\000\051\000\040\000[\0003\000/\0003\000]}{subsection.3.1.3}% 40
\BOOKMARK [3][-]{subsubsection.3.1.3.17}{\376\377\0003\000.\0001\000.\0003\000.\0001\0007\000\040\000p\000r\000i\000n\000t\000P\000r\000o\000g\000r\000e\000s\000s\000\050\000\051}{subsection.3.1.3}% 41
\BOOKMARK [3][-]{subsubsection.3.1.3.18}{\376\377\0003\000.\0001\000.\0003\000.\0001\0008\000\040\000s\000e\000t\000\137\000v\000a\000l\000u\000e\000\050\000\051\000\040\000[\0001\000/\0005\000]}{subsection.3.1.3}% 42
\BOOKMARK [3][-]{subsubsection.3.1.3.19}{\376\377\0003\000.\0001\000.\0003\000.\0001\0009\000\040\000s\000e\000t\000\137\000v\000a\000l\000u\000e\000\050\000\051\000\040\000[\0002\000/\0005\000]}{subsection.3.1.3}% 43
\BOOKMARK [3][-]{subsubsection.3.1.3.20}{\376\377\0003\000.\0001\000.\0003\000.\0002\0000\000\040\000s\000e\000t\000\137\000v\000a\000l\000u\000e\000\050\000\051\000\040\000[\0003\000/\0005\000]}{subsection.3.1.3}% 44
\BOOKMARK [3][-]{subsubsection.3.1.3.21}{\376\377\0003\000.\0001\000.\0003\000.\0002\0001\000\040\000s\000e\000t\000\137\000v\000a\000l\000u\000e\000\050\000\051\000\040\000[\0004\000/\0005\000]}{subsection.3.1.3}% 45
\BOOKMARK [3][-]{subsubsection.3.1.3.22}{\376\377\0003\000.\0001\000.\0003\000.\0002\0002\000\040\000s\000e\000t\000\137\000v\000a\000l\000u\000e\000\050\000\051\000\040\000[\0005\000/\0005\000]}{subsection.3.1.3}% 46
\BOOKMARK [3][-]{subsubsection.3.1.3.23}{\376\377\0003\000.\0001\000.\0003\000.\0002\0003\000\040\000s\000t\000r\000e\000s\000s\000\137\000t\000e\000s\000t\000\050\000\051}{subsection.3.1.3}% 47
\BOOKMARK [3][-]{subsubsection.3.1.3.24}{\376\377\0003\000.\0001\000.\0003\000.\0002\0004\000\040\000s\000u\000b\000t\000r\000a\000c\000t\000\137\000v\000a\000l\000u\000e\000\050\000\051\000\040\000[\0001\000/\0002\000]}{subsection.3.1.3}% 48
\BOOKMARK [3][-]{subsubsection.3.1.3.25}{\376\377\0003\000.\0001\000.\0003\000.\0002\0005\000\040\000s\000u\000b\000t\000r\000a\000c\000t\000\137\000v\000a\000l\000u\000e\000\050\000\051\000\040\000[\0002\000/\0002\000]}{subsection.3.1.3}% 49
\BOOKMARK [2][-]{subsection.3.1.4}{\376\377\0003\000.\0001\000.\0004\000\040\000V\000a\000r\000i\000a\000b\000l\000e\000\040\000D\000o\000c\000u\000m\000e\000n\000t\000a\000t\000i\000o\000n}{section.3.1}% 50
\BOOKMARK [3][-]{subsubsection.3.1.4.1}{\376\377\0003\000.\0001\000.\0004\000.\0001\000\040\000g\000i\000n\000p\000u\000t}{subsection.3.1.4}% 51
\BOOKMARK [3][-]{subsubsection.3.1.4.2}{\376\377\0003\000.\0001\000.\0004\000.\0002\000\040\000g\000o\000u\000t\000p\000u\000t}{subsection.3.1.4}% 52
\BOOKMARK [1][-]{section.3.2}{\376\377\0003\000.\0002\000\040\000b\000l\000u\000r\000.\000c\000u}{chapter.3}% 53
\BOOKMARK [1][-]{section.3.3}{\376\377\0003\000.\0003\000\040\000m\000a\000i\000n\000.\000c\000p\000p\000\040\000F\000i\000l\000e\000\040\000R\000e\000f\000e\000r\000e\000n\000c\000e}{chapter.3}% 54
\BOOKMARK [2][-]{subsection.3.3.1}{\376\377\0003\000.\0003\000.\0001\000\040\000D\000e\000t\000a\000i\000l\000e\000d\000\040\000D\000e\000s\000c\000r\000i\000p\000t\000i\000o\000n}{section.3.3}% 55
\BOOKMARK [2][-]{subsection.3.3.2}{\376\377\0003\000.\0003\000.\0002\000\040\000M\000a\000c\000r\000o\000\040\000D\000e\000f\000i\000n\000i\000t\000i\000o\000n\000\040\000D\000o\000c\000u\000m\000e\000n\000t\000a\000t\000i\000o\000n}{section.3.3}% 56
\BOOKMARK [3][-]{subsubsection.3.3.2.1}{\376\377\0003\000.\0003\000.\0002\000.\0001\000\040\000P\000B\000S\000T\000R}{subsection.3.3.2}% 57
\BOOKMARK [3][-]{subsubsection.3.3.2.2}{\376\377\0003\000.\0003\000.\0002\000.\0002\000\040\000P\000B\000W\000I\000D\000T\000H}{subsection.3.3.2}% 58
\BOOKMARK [2][-]{subsection.3.3.3}{\376\377\0003\000.\0003\000.\0003\000\040\000F\000u\000n\000c\000t\000i\000o\000n\000\040\000D\000o\000c\000u\000m\000e\000n\000t\000a\000t\000i\000o\000n}{section.3.3}% 59
\BOOKMARK [3][-]{subsubsection.3.3.3.1}{\376\377\0003\000.\0003\000.\0003\000.\0001\000\040\000a\000p\000p\000l\000y\000\137\000c\000o\000n\000v\000o\000l\000u\000t\000i\000o\000n\000\050\000\051}{subsection.3.3.3}% 60
\BOOKMARK [3][-]{subsubsection.3.3.3.2}{\376\377\0003\000.\0003\000.\0003\000.\0002\000\040\000a\000p\000p\000l\000y\000\137\000c\000o\000n\000v\000o\000l\000u\000t\000i\000o\000n\000\137\000m\000u\000l\000t\000i\000\137\000t\000h\000r\000e\000a\000d\000e\000d\000\050\000\051}{subsection.3.3.3}% 61
\BOOKMARK [3][-]{subsubsection.3.3.3.3}{\376\377\0003\000.\0003\000.\0003\000.\0003\000\040\000a\000p\000p\000l\000y\000\137\000k\000e\000r\000n\000e\000l\000\050\000\051}{subsection.3.3.3}% 62
\BOOKMARK [3][-]{subsubsection.3.3.3.4}{\376\377\0003\000.\0003\000.\0003\000.\0004\000\040\000a\000p\000p\000l\000y\000\137\000k\000e\000r\000n\000e\000l\000\137\000m\000u\000l\000t\000i\000t\000h\000r\000e\000a\000d\000e\000d\000\050\000\051}{subsection.3.3.3}% 63
\BOOKMARK [3][-]{subsubsection.3.3.3.5}{\376\377\0003\000.\0003\000.\0003\000.\0005\000\040\000g\000e\000n\000e\000r\000a\000t\000e\000\137\000g\000a\000u\000s\000s\000i\000a\000n\000\137\000k\000e\000r\000n\000e\000l\000\050\000\051}{subsection.3.3.3}% 64
\BOOKMARK [3][-]{subsubsection.3.3.3.6}{\376\377\0003\000.\0003\000.\0003\000.\0006\000\040\000m\000a\000i\000n\000\050\000\051}{subsection.3.3.3}% 65
\BOOKMARK [3][-]{subsubsection.3.3.3.7}{\376\377\0003\000.\0003\000.\0003\000.\0007\000\040\000p\000r\000i\000n\000t\000P\000r\000o\000g\000r\000e\000s\000s\000\050\000\051}{subsection.3.3.3}% 66
\BOOKMARK [3][-]{subsubsection.3.3.3.8}{\376\377\0003\000.\0003\000.\0003\000.\0008\000\040\000s\000t\000r\000e\000s\000s\000\137\000t\000e\000s\000t\000\050\000\051}{subsection.3.3.3}% 67
\BOOKMARK [1][-]{section.3.4}{\376\377\0003\000.\0004\000\040\000m\000a\000i\000n\000.\000c\000p\000p}{chapter.3}% 68
\BOOKMARK [0][-]{section*.16}{\376\377\000I\000n\000d\000e\000x}{}% 69
